[2022-02-28T12:11:02.011] [DEBUG] cheese - login => username:zs,password:123456
[2022-02-28T12:11:02.015] [DEBUG] cheese - zs
[2022-02-28T12:11:02.035] [DEBUG] cheese - null
[2022-02-28T12:11:02.039] [DEBUG] cheese - null
[2022-02-28T12:11:09.781] [DEBUG] cheese - login => username:admin,password:123456
[2022-02-28T12:11:09.781] [DEBUG] cheese - admin
[2022-02-28T12:11:09.787] [DEBUG] cheese - null
[2022-02-28T12:11:09.787] [DEBUG] cheese - null
[2022-02-28T17:52:29.774] [DEBUG] cheese - login => username:admin,password:123456
[2022-02-28T17:52:29.781] [DEBUG] cheese - admin
[2022-02-28T17:52:29.884] [DEBUG] cheese - null
[2022-02-28T17:52:29.886] [DEBUG] cheese - null
[2022-02-28T18:00:33.038] [DEBUG] cheese - login => username:admin,password:123456
[2022-02-28T18:00:33.042] [DEBUG] cheese - admin
[2022-02-28T18:00:33.083] [DEBUG] cheese - null
[2022-02-28T18:00:33.084] [DEBUG] cheese - null
[2022-02-28T18:01:17.320] [DEBUG] cheese - login => username:admin,password:123456
[2022-02-28T18:01:17.321] [DEBUG] cheese - admin
[2022-02-28T18:01:17.328] [DEBUG] cheese - null
[2022-02-28T18:01:17.328] [DEBUG] cheese - null
[2022-02-28T18:01:48.887] [DEBUG] cheese - login => username:admin,password:123456
[2022-02-28T18:01:48.888] [DEBUG] cheese - admin
[2022-02-28T18:01:48.901] [DEBUG] cheese - null
[2022-02-28T18:01:48.902] [DEBUG] cheese - null
[2022-02-28T18:10:38.843] [DEBUG] cheese - login => username:admin,password:123456
[2022-02-28T18:10:38.846] [DEBUG] cheese - admin
[2022-02-28T18:10:38.870] [DEBUG] cheese - null
[2022-02-28T18:10:38.870] [DEBUG] cheese - null
[2022-02-28T18:11:31.561] [DEBUG] cheese - login => username:admin,password:123456
[2022-02-28T18:11:31.561] [DEBUG] cheese - admin
[2022-02-28T18:11:31.564] [DEBUG] cheese - null
[2022-02-28T18:11:31.564] [DEBUG] cheese - null
[2022-02-28T18:12:30.766] [DEBUG] cheese - login => username:admin,password:123456
[2022-02-28T18:12:30.766] [DEBUG] cheese - admin
[2022-02-28T18:12:30.772] [DEBUG] cheese - null
[2022-02-28T18:12:30.772] [DEBUG] cheese - null
[2022-02-28T18:12:47.208] [DEBUG] cheese - login => username:admin,password:123456
[2022-02-28T18:12:47.208] [DEBUG] cheese - admin
[2022-02-28T18:12:47.216] [DEBUG] cheese - null
[2022-02-28T18:12:47.217] [DEBUG] cheese - null
[2022-02-28T18:15:49.782] [DEBUG] cheese - login => username:admin,password:123456
[2022-02-28T18:15:49.782] [DEBUG] cheese - admin
[2022-02-28T18:15:49.790] [DEBUG] cheese - null
[2022-02-28T18:15:49.791] [DEBUG] cheese - null
[2022-03-01T17:58:02.322] [DEBUG] cheese - login => username:admin,password:123456
[2022-03-01T17:58:02.325] [DEBUG] cheese - admin
[2022-03-01T17:58:02.411] [DEBUG] cheese - null
[2022-03-01T17:58:02.412] [DEBUG] cheese - null
[2022-03-01T18:10:30.115] [DEBUG] cheese - login => username:admin,password:123456
[2022-03-01T18:10:30.117] [DEBUG] cheese - admin
[2022-03-01T18:10:30.150] [DEBUG] cheese - null
[2022-03-01T18:10:30.150] [DEBUG] cheese - null
[2022-03-01T19:55:29.099] [DEBUG] cheese - login => username:admin,password:123456
[2022-03-01T19:55:29.104] [DEBUG] cheese - admin
[2022-03-01T19:55:29.208] [DEBUG] cheese - null
[2022-03-01T19:55:29.208] [DEBUG] cheese - null
[2022-03-01T20:53:22.762] [DEBUG] cheese - login => username:admin,password:123456
[2022-03-01T20:53:22.767] [DEBUG] cheese - admin
[2022-03-01T20:53:22.889] [DEBUG] cheese - null
[2022-03-01T20:53:22.890] [DEBUG] cheese - null
[2022-03-01T20:56:56.247] [DEBUG] cheese - login => username:admin,password:123456
[2022-03-01T20:56:56.248] [DEBUG] cheese - admin
[2022-03-01T20:56:56.266] [DEBUG] cheese - null
[2022-03-01T20:56:56.266] [DEBUG] cheese - null
[2022-03-02T14:55:38.336] [DEBUG] cheese - login => username:admin,password:123456
[2022-03-02T14:55:38.338] [DEBUG] cheese - admin
[2022-03-02T14:55:38.383] [DEBUG] cheese - null
[2022-03-02T14:55:38.383] [DEBUG] cheese - null
[2022-03-02T15:43:50.902] [DEBUG] cheese - login => username:admin,password:123456
[2022-03-02T15:43:50.927] [DEBUG] cheese - admin
[2022-03-02T15:43:51.014] [DEBUG] cheese - null
[2022-03-02T15:43:51.017] [DEBUG] cheese - null
[2022-03-02T16:11:14.168] [DEBUG] cheese - login => username:admin,password:123456
[2022-03-02T16:11:14.184] [DEBUG] cheese - admin
[2022-03-02T16:11:14.247] [DEBUG] cheese - null
[2022-03-02T16:11:14.248] [DEBUG] cheese - null
[2022-03-02T21:29:53.721] [DEBUG] cheese - login => username:admin,password:123456
[2022-03-02T21:29:53.747] [DEBUG] cheese - admin
[2022-03-02T21:29:53.806] [DEBUG] cheese - null
[2022-03-02T21:29:53.808] [DEBUG] cheese - null
[2022-03-03T16:35:50.873] [DEBUG] cheese - login => username:admin,password:123456
[2022-03-03T16:35:50.877] [DEBUG] cheese - admin
[2022-03-03T16:35:50.920] [DEBUG] cheese - null
[2022-03-03T16:35:50.920] [DEBUG] cheese - null
[2022-03-04T14:12:57.329] [DEBUG] cheese - login => username:admin,password:123456
[2022-03-04T14:12:57.338] [DEBUG] cheese - admin
[2022-03-04T14:12:57.449] [DEBUG] cheese - null
[2022-03-04T14:12:57.450] [DEBUG] cheese - null
[2022-03-04T17:07:10.398] [DEBUG] cheese - null
[2022-03-04T17:08:28.600] [DEBUG] cheese - null
[2022-03-04T17:08:37.694] [DEBUG] cheese - null
[2022-03-04T23:02:35.759] [DEBUG] cheese - null
[2022-03-06T15:39:11.181] [DEBUG] cheese - login => username:admin,password:123456
[2022-03-06T15:39:11.189] [DEBUG] cheese - admin
[2022-03-06T15:39:11.275] [DEBUG] cheese - null
[2022-03-06T15:39:11.277] [DEBUG] cheese - null
[2022-03-07T13:40:26.151] [DEBUG] cheese - login => username:admin,password:123456
[2022-03-07T13:40:26.153] [DEBUG] cheese - admin
[2022-03-07T13:40:26.214] [DEBUG] cheese - null
[2022-03-07T13:40:26.215] [DEBUG] cheese - null
[2022-03-07T18:23:36.245] [DEBUG] cheese - login => username:admin,password:123456
[2022-03-07T18:23:36.262] [DEBUG] cheese - admin
[2022-03-07T18:23:36.285] [DEBUG] cheese - null
[2022-03-07T18:23:36.288] [DEBUG] cheese - null
[2022-03-08T14:27:41.878] [DEBUG] cheese - login => username:admin,password:123456
[2022-03-08T14:27:41.881] [DEBUG] cheese - admin
[2022-03-08T14:27:41.999] [DEBUG] cheese - null
[2022-03-08T14:27:42.000] [DEBUG] cheese - null
[2022-03-10T14:15:19.128] [DEBUG] cheese - login => username:admin,password:123456
[2022-03-10T14:15:19.132] [DEBUG] cheese - admin
[2022-03-10T14:15:19.218] [DEBUG] cheese - null
[2022-03-10T14:15:19.219] [DEBUG] cheese - null
[2022-03-11T14:58:48.955] [DEBUG] cheese - login => username:admin,password:123456
[2022-03-11T14:58:48.957] [DEBUG] cheese - admin
[2022-03-11T14:58:48.972] [DEBUG] cheese - null
[2022-03-11T14:58:48.973] [DEBUG] cheese - null
[2022-03-12T00:41:22.487] [DEBUG] cheese - null
[2022-03-12T15:37:11.286] [DEBUG] cheese - login => username:admin,password:123456
[2022-03-12T15:37:11.294] [DEBUG] cheese - admin
[2022-03-12T15:37:11.406] [DEBUG] cheese - null
[2022-03-12T15:37:11.407] [DEBUG] cheese - null
[2022-03-13T00:16:09.511] [DEBUG] cheese - login => username:admin,password:123456
[2022-03-13T00:16:09.520] [DEBUG] cheese - admin
[2022-03-13T00:16:09.528] [DEBUG] cheese - null
[2022-03-13T00:16:09.531] [DEBUG] cheese - null
[2022-03-13T00:29:42.994] [DEBUG] cheese - login => username:admin,password:123456
[2022-03-13T00:29:43.004] [DEBUG] cheese - admin
[2022-03-13T00:29:43.037] [DEBUG] cheese - null
[2022-03-13T00:29:43.039] [DEBUG] cheese - null
